13-May-2020 12:38:31.764 정보 [localhost-startStop-1] org.apache.catalina.core.ApplicationContext.log ContextListener: contextInitialized()
13-May-2020 12:38:31.764 정보 [localhost-startStop-1] org.apache.catalina.core.ApplicationContext.log SessionListener: contextInitialized()
13-May-2020 12:38:31.764 정보 [localhost-startStop-1] org.apache.catalina.core.ApplicationContext.log ContextListener: attributeAdded('StockTicker', 'async.Stockticker@c6cca55')
13-May-2020 12:40:04.209 심각 [http-nio-8090-exec-8] org.apache.catalina.core.StandardWrapperValve.invoke 경로 []의 컨텍스트 내의 서블릿 [jsp]을(를) 위한 Servlet.service() 호출이, 근본 원인(root cause)과 함께, 예외 [JSP를 위한 클래스를 컴파일할 수 없습니다.: 

JSP 파일 [/test.jsp]의 [3] 행에서 오류가 발생했습니다.
Syntax error, insert ";" to complete ClassBodyDeclarations
1: <%!
2: 
3: 	Class MyClass
4: 	{
5: 		int MySum(int x,int y)
6: 		{


JSP 파일 [/test.jsp]의 [4] 행에서 오류가 발생했습니다.
Syntax error, insert "}" to complete Block
1: <%!
2: 
3: 	Class MyClass
4: 	{
5: 		int MySum(int x,int y)
6: 		{
7: 				return x + y;


코드 생성된 자바 파일 [D:\tomcat\work\Catalina\localhost\ROOT\org\apache\jsp\test_jsp.java]의 [29] 행에서 오류가 발생했습니다.
Syntax error on token "final", @ expected after this token

코드 생성된 자바 파일 [D:\tomcat\work\Catalina\localhost\ROOT\org\apache\jsp\test_jsp.java]의 [29] 행에서 오류가 발생했습니다.
Syntax error on token "JspFactory", ( expected after this token

코드 생성된 자바 파일 [D:\tomcat\work\Catalina\localhost\ROOT\org\apache\jsp\test_jsp.java]의 [30] 행에서 오류가 발생했습니다.
Syntax error, insert ")" to complete NormalAnnotation

코드 생성된 자바 파일 [D:\tomcat\work\Catalina\localhost\ROOT\org\apache\jsp\test_jsp.java]의 [30] 행에서 오류가 발생했습니다.
Syntax error, insert "enum Identifier" to complete EnumHeaderName

코드 생성된 자바 파일 [D:\tomcat\work\Catalina\localhost\ROOT\org\apache\jsp\test_jsp.java]의 [30] 행에서 오류가 발생했습니다.
Syntax error, insert "EnumBody" to complete EnumDeclaration

코드 생성된 자바 파일 [D:\tomcat\work\Catalina\localhost\ROOT\org\apache\jsp\test_jsp.java]의 [32] 행에서 오류가 발생했습니다.
Syntax error on token "static", @ expected after this token

코드 생성된 자바 파일 [D:\tomcat\work\Catalina\localhost\ROOT\org\apache\jsp\test_jsp.java]의 [32] 행에서 오류가 발생했습니다.
Syntax error on token "<", . expected

코드 생성된 자바 파일 [D:\tomcat\work\Catalina\localhost\ROOT\org\apache\jsp\test_jsp.java]의 [32] 행에서 오류가 발생했습니다.
Syntax error on token ",", ( expected

코드 생성된 자바 파일 [D:\tomcat\work\Catalina\localhost\ROOT\org\apache\jsp\test_jsp.java]의 [32] 행에서 오류가 발생했습니다.
Syntax error, insert ")" to complete SingleMemberAnnotation

코드 생성된 자바 파일 [D:\tomcat\work\Catalina\localhost\ROOT\org\apache\jsp\test_jsp.java]의 [32] 행에서 오류가 발생했습니다.
Syntax error, insert "enum Identifier" to complete EnumHeaderName

코드 생성된 자바 파일 [D:\tomcat\work\Catalina\localhost\ROOT\org\apache\jsp\test_jsp.java]의 [32] 행에서 오류가 발생했습니다.
Syntax error, insert "EnumBody" to complete EnumDeclaration

코드 생성된 자바 파일 [D:\tomcat\work\Catalina\localhost\ROOT\org\apache\jsp\test_jsp.java]의 [34] 행에서 오류가 발생했습니다.
Syntax error on token "final", @ expected after this token

코드 생성된 자바 파일 [D:\tomcat\work\Catalina\localhost\ROOT\org\apache\jsp\test_jsp.java]의 [34] 행에서 오류가 발생했습니다.
Syntax error on token "<", ( expected

코드 생성된 자바 파일 [D:\tomcat\work\Catalina\localhost\ROOT\org\apache\jsp\test_jsp.java]의 [34] 행에서 오류가 발생했습니다.
Syntax error, insert ")" to complete SingleMemberAnnotation

코드 생성된 자바 파일 [D:\tomcat\work\Catalina\localhost\ROOT\org\apache\jsp\test_jsp.java]의 [34] 행에서 오류가 발생했습니다.
Syntax error, insert "enum Identifier" to complete EnumHeaderName

코드 생성된 자바 파일 [D:\tomcat\work\Catalina\localhost\ROOT\org\apache\jsp\test_jsp.java]의 [34] 행에서 오류가 발생했습니다.
Syntax error, insert "EnumBody" to complete EnumDeclaration

코드 생성된 자바 파일 [D:\tomcat\work\Catalina\localhost\ROOT\org\apache\jsp\test_jsp.java]의 [36] 행에서 오류가 발생했습니다.
Syntax error on token "final", @ expected after this token

코드 생성된 자바 파일 [D:\tomcat\work\Catalina\localhost\ROOT\org\apache\jsp\test_jsp.java]의 [36] 행에서 오류가 발생했습니다.
Syntax error on token "<", ( expected

코드 생성된 자바 파일 [D:\tomcat\work\Catalina\localhost\ROOT\org\apache\jsp\test_jsp.java]의 [36] 행에서 오류가 발생했습니다.
Syntax error, insert ")" to complete SingleMemberAnnotation

코드 생성된 자바 파일 [D:\tomcat\work\Catalina\localhost\ROOT\org\apache\jsp\test_jsp.java]의 [36] 행에서 오류가 발생했습니다.
Syntax error, insert "enum Identifier" to complete EnumHeaderName

코드 생성된 자바 파일 [D:\tomcat\work\Catalina\localhost\ROOT\org\apache\jsp\test_jsp.java]의 [36] 행에서 오류가 발생했습니다.
Syntax error, insert "EnumBody" to complete EnumDeclaration

코드 생성된 자바 파일 [D:\tomcat\work\Catalina\localhost\ROOT\org\apache\jsp\test_jsp.java]의 [38] 행에서 오류가 발생했습니다.
Syntax error, insert "enum Identifier" to complete EnumHeader

코드 생성된 자바 파일 [D:\tomcat\work\Catalina\localhost\ROOT\org\apache\jsp\test_jsp.java]의 [46] 행에서 오류가 발생했습니다.
Syntax error on token "volatile", @ expected after this token

코드 생성된 자바 파일 [D:\tomcat\work\Catalina\localhost\ROOT\org\apache\jsp\test_jsp.java]의 [46] 행에서 오류가 발생했습니다.
Syntax error, insert "enum Identifier" to complete EnumHeaderName

코드 생성된 자바 파일 [D:\tomcat\work\Catalina\localhost\ROOT\org\apache\jsp\test_jsp.java]의 [46] 행에서 오류가 발생했습니다.
Syntax error, insert "EnumBody" to complete EnumDeclaration

코드 생성된 자바 파일 [D:\tomcat\work\Catalina\localhost\ROOT\org\apache\jsp\test_jsp.java]의 [47] 행에서 오류가 발생했습니다.
Syntax error on token "volatile", @ expected after this token

코드 생성된 자바 파일 [D:\tomcat\work\Catalina\localhost\ROOT\org\apache\jsp\test_jsp.java]의 [47] 행에서 오류가 발생했습니다.
Syntax error on tokens, delete these tokens

코드 생성된 자바 파일 [D:\tomcat\work\Catalina\localhost\ROOT\org\apache\jsp\test_jsp.java]의 [49] 행에서 오류가 발생했습니다.
Syntax error on token "<", . expected

코드 생성된 자바 파일 [D:\tomcat\work\Catalina\localhost\ROOT\org\apache\jsp\test_jsp.java]의 [49] 행에서 오류가 발생했습니다.
Syntax error on token ",", ( expected

코드 생성된 자바 파일 [D:\tomcat\work\Catalina\localhost\ROOT\org\apache\jsp\test_jsp.java]의 [49] 행에서 오류가 발생했습니다.
Syntax error, insert ")" to complete SingleMemberAnnotation

코드 생성된 자바 파일 [D:\tomcat\work\Catalina\localhost\ROOT\org\apache\jsp\test_jsp.java]의 [49] 행에서 오류가 발생했습니다.
Syntax error, insert "enum Identifier" to complete EnumHeader

코드 생성된 자바 파일 [D:\tomcat\work\Catalina\localhost\ROOT\org\apache\jsp\test_jsp.java]의 [51] 행에서 오류가 발생했습니다.
Syntax error on token "}", ; expected

JSP 파일 [/test.jsp]의 [12] 행에서 오류가 발생했습니다.
MyClass cannot be resolved to a type
9: 	}
10: %>
11: <%
12: MyClass x = new MyClass();
13: 
14: out.print(x.MySum(10,20));
15: %>


JSP 파일 [/test.jsp]의 [12] 행에서 오류가 발생했습니다.
MyClass cannot be resolved to a type
9: 	}
10: %>
11: <%
12: MyClass x = new MyClass();
13: 
14: out.print(x.MySum(10,20));
15: %>


Stacktrace:]을(를) 발생시켰습니다.
	org.apache.jasper.JasperException: JSP를 위한 클래스를 컴파일할 수 없습니다.: 

JSP 파일 [/test.jsp]의 [3] 행에서 오류가 발생했습니다.
Syntax error, insert ";" to complete ClassBodyDeclarations
1: <%!
2: 
3: 	Class MyClass
4: 	{
5: 		int MySum(int x,int y)
6: 		{


JSP 파일 [/test.jsp]의 [4] 행에서 오류가 발생했습니다.
Syntax error, insert "}" to complete Block
1: <%!
2: 
3: 	Class MyClass
4: 	{
5: 		int MySum(int x,int y)
6: 		{
7: 				return x + y;


코드 생성된 자바 파일 [D:\tomcat\work\Catalina\localhost\ROOT\org\apache\jsp\test_jsp.java]의 [29] 행에서 오류가 발생했습니다.
Syntax error on token "final", @ expected after this token

코드 생성된 자바 파일 [D:\tomcat\work\Catalina\localhost\ROOT\org\apache\jsp\test_jsp.java]의 [29] 행에서 오류가 발생했습니다.
Syntax error on token "JspFactory", ( expected after this token

코드 생성된 자바 파일 [D:\tomcat\work\Catalina\localhost\ROOT\org\apache\jsp\test_jsp.java]의 [30] 행에서 오류가 발생했습니다.
Syntax error, insert ")" to complete NormalAnnotation

코드 생성된 자바 파일 [D:\tomcat\work\Catalina\localhost\ROOT\org\apache\jsp\test_jsp.java]의 [30] 행에서 오류가 발생했습니다.
Syntax error, insert "enum Identifier" to complete EnumHeaderName

코드 생성된 자바 파일 [D:\tomcat\work\Catalina\localhost\ROOT\org\apache\jsp\test_jsp.java]의 [30] 행에서 오류가 발생했습니다.
Syntax error, insert "EnumBody" to complete EnumDeclaration

코드 생성된 자바 파일 [D:\tomcat\work\Catalina\localhost\ROOT\org\apache\jsp\test_jsp.java]의 [32] 행에서 오류가 발생했습니다.
Syntax error on token "static", @ expected after this token

코드 생성된 자바 파일 [D:\tomcat\work\Catalina\localhost\ROOT\org\apache\jsp\test_jsp.java]의 [32] 행에서 오류가 발생했습니다.
Syntax error on token "<", . expected

코드 생성된 자바 파일 [D:\tomcat\work\Catalina\localhost\ROOT\org\apache\jsp\test_jsp.java]의 [32] 행에서 오류가 발생했습니다.
Syntax error on token ",", ( expected

코드 생성된 자바 파일 [D:\tomcat\work\Catalina\localhost\ROOT\org\apache\jsp\test_jsp.java]의 [32] 행에서 오류가 발생했습니다.
Syntax error, insert ")" to complete SingleMemberAnnotation

코드 생성된 자바 파일 [D:\tomcat\work\Catalina\localhost\ROOT\org\apache\jsp\test_jsp.java]의 [32] 행에서 오류가 발생했습니다.
Syntax error, insert "enum Identifier" to complete EnumHeaderName

코드 생성된 자바 파일 [D:\tomcat\work\Catalina\localhost\ROOT\org\apache\jsp\test_jsp.java]의 [32] 행에서 오류가 발생했습니다.
Syntax error, insert "EnumBody" to complete EnumDeclaration

코드 생성된 자바 파일 [D:\tomcat\work\Catalina\localhost\ROOT\org\apache\jsp\test_jsp.java]의 [34] 행에서 오류가 발생했습니다.
Syntax error on token "final", @ expected after this token

코드 생성된 자바 파일 [D:\tomcat\work\Catalina\localhost\ROOT\org\apache\jsp\test_jsp.java]의 [34] 행에서 오류가 발생했습니다.
Syntax error on token "<", ( expected

코드 생성된 자바 파일 [D:\tomcat\work\Catalina\localhost\ROOT\org\apache\jsp\test_jsp.java]의 [34] 행에서 오류가 발생했습니다.
Syntax error, insert ")" to complete SingleMemberAnnotation

코드 생성된 자바 파일 [D:\tomcat\work\Catalina\localhost\ROOT\org\apache\jsp\test_jsp.java]의 [34] 행에서 오류가 발생했습니다.
Syntax error, insert "enum Identifier" to complete EnumHeaderName

코드 생성된 자바 파일 [D:\tomcat\work\Catalina\localhost\ROOT\org\apache\jsp\test_jsp.java]의 [34] 행에서 오류가 발생했습니다.
Syntax error, insert "EnumBody" to complete EnumDeclaration

코드 생성된 자바 파일 [D:\tomcat\work\Catalina\localhost\ROOT\org\apache\jsp\test_jsp.java]의 [36] 행에서 오류가 발생했습니다.
Syntax error on token "final", @ expected after this token

코드 생성된 자바 파일 [D:\tomcat\work\Catalina\localhost\ROOT\org\apache\jsp\test_jsp.java]의 [36] 행에서 오류가 발생했습니다.
Syntax error on token "<", ( expected

코드 생성된 자바 파일 [D:\tomcat\work\Catalina\localhost\ROOT\org\apache\jsp\test_jsp.java]의 [36] 행에서 오류가 발생했습니다.
Syntax error, insert ")" to complete SingleMemberAnnotation

코드 생성된 자바 파일 [D:\tomcat\work\Catalina\localhost\ROOT\org\apache\jsp\test_jsp.java]의 [36] 행에서 오류가 발생했습니다.
Syntax error, insert "enum Identifier" to complete EnumHeaderName

코드 생성된 자바 파일 [D:\tomcat\work\Catalina\localhost\ROOT\org\apache\jsp\test_jsp.java]의 [36] 행에서 오류가 발생했습니다.
Syntax error, insert "EnumBody" to complete EnumDeclaration

코드 생성된 자바 파일 [D:\tomcat\work\Catalina\localhost\ROOT\org\apache\jsp\test_jsp.java]의 [38] 행에서 오류가 발생했습니다.
Syntax error, insert "enum Identifier" to complete EnumHeader

코드 생성된 자바 파일 [D:\tomcat\work\Catalina\localhost\ROOT\org\apache\jsp\test_jsp.java]의 [46] 행에서 오류가 발생했습니다.
Syntax error on token "volatile", @ expected after this token

코드 생성된 자바 파일 [D:\tomcat\work\Catalina\localhost\ROOT\org\apache\jsp\test_jsp.java]의 [46] 행에서 오류가 발생했습니다.
Syntax error, insert "enum Identifier" to complete EnumHeaderName

코드 생성된 자바 파일 [D:\tomcat\work\Catalina\localhost\ROOT\org\apache\jsp\test_jsp.java]의 [46] 행에서 오류가 발생했습니다.
Syntax error, insert "EnumBody" to complete EnumDeclaration

코드 생성된 자바 파일 [D:\tomcat\work\Catalina\localhost\ROOT\org\apache\jsp\test_jsp.java]의 [47] 행에서 오류가 발생했습니다.
Syntax error on token "volatile", @ expected after this token

코드 생성된 자바 파일 [D:\tomcat\work\Catalina\localhost\ROOT\org\apache\jsp\test_jsp.java]의 [47] 행에서 오류가 발생했습니다.
Syntax error on tokens, delete these tokens

코드 생성된 자바 파일 [D:\tomcat\work\Catalina\localhost\ROOT\org\apache\jsp\test_jsp.java]의 [49] 행에서 오류가 발생했습니다.
Syntax error on token "<", . expected

코드 생성된 자바 파일 [D:\tomcat\work\Catalina\localhost\ROOT\org\apache\jsp\test_jsp.java]의 [49] 행에서 오류가 발생했습니다.
Syntax error on token ",", ( expected

코드 생성된 자바 파일 [D:\tomcat\work\Catalina\localhost\ROOT\org\apache\jsp\test_jsp.java]의 [49] 행에서 오류가 발생했습니다.
Syntax error, insert ")" to complete SingleMemberAnnotation

코드 생성된 자바 파일 [D:\tomcat\work\Catalina\localhost\ROOT\org\apache\jsp\test_jsp.java]의 [49] 행에서 오류가 발생했습니다.
Syntax error, insert "enum Identifier" to complete EnumHeader

코드 생성된 자바 파일 [D:\tomcat\work\Catalina\localhost\ROOT\org\apache\jsp\test_jsp.java]의 [51] 행에서 오류가 발생했습니다.
Syntax error on token "}", ; expected

JSP 파일 [/test.jsp]의 [12] 행에서 오류가 발생했습니다.
MyClass cannot be resolved to a type
9: 	}
10: %>
11: <%
12: MyClass x = new MyClass();
13: 
14: out.print(x.MySum(10,20));
15: %>


JSP 파일 [/test.jsp]의 [12] 행에서 오류가 발생했습니다.
MyClass cannot be resolved to a type
9: 	}
10: %>
11: <%
12: MyClass x = new MyClass();
13: 
14: out.print(x.MySum(10,20));
15: %>


Stacktrace:
		at org.apache.jasper.compiler.DefaultErrorHandler.javacError(DefaultErrorHandler.java:102)
		at org.apache.jasper.compiler.ErrorDispatcher.javacError(ErrorDispatcher.java:212)
		at org.apache.jasper.compiler.JDTCompiler.generateClass(JDTCompiler.java:552)
		at org.apache.jasper.compiler.Compiler.compile(Compiler.java:381)
		at org.apache.jasper.compiler.Compiler.compile(Compiler.java:351)
		at org.apache.jasper.compiler.Compiler.compile(Compiler.java:335)
		at org.apache.jasper.JspCompilationContext.compile(JspCompilationContext.java:597)
		at org.apache.jasper.servlet.JspServletWrapper.service(JspServletWrapper.java:399)
		at org.apache.jasper.servlet.JspServlet.serviceJspFile(JspServlet.java:386)
		at org.apache.jasper.servlet.JspServlet.service(JspServlet.java:330)
		at javax.servlet.http.HttpServlet.service(HttpServlet.java:741)
		at org.apache.catalina.core.ApplicationFilterChain.internalDoFilter(ApplicationFilterChain.java:231)
		at org.apache.catalina.core.ApplicationFilterChain.doFilter(ApplicationFilterChain.java:166)
		at org.apache.tomcat.websocket.server.WsFilter.doFilter(WsFilter.java:52)
		at org.apache.catalina.core.ApplicationFilterChain.internalDoFilter(ApplicationFilterChain.java:193)
		at org.apache.catalina.core.ApplicationFilterChain.doFilter(ApplicationFilterChain.java:166)
		at org.apache.catalina.core.StandardWrapperValve.invoke(StandardWrapperValve.java:199)
		at org.apache.catalina.core.StandardContextValve.invoke(StandardContextValve.java:96)
		at org.apache.catalina.authenticator.AuthenticatorBase.invoke(AuthenticatorBase.java:543)
		at org.apache.catalina.core.StandardHostValve.invoke(StandardHostValve.java:139)
		at org.apache.catalina.valves.ErrorReportValve.invoke(ErrorReportValve.java:81)
		at org.apache.catalina.valves.AbstractAccessLogValve.invoke(AbstractAccessLogValve.java:688)
		at org.apache.catalina.core.StandardEngineValve.invoke(StandardEngineValve.java:87)
		at org.apache.catalina.connector.CoyoteAdapter.service(CoyoteAdapter.java:343)
		at org.apache.coyote.http11.Http11Processor.service(Http11Processor.java:609)
		at org.apache.coyote.AbstractProcessorLight.process(AbstractProcessorLight.java:65)
		at org.apache.coyote.AbstractProtocol$ConnectionHandler.process(AbstractProtocol.java:818)
		at org.apache.tomcat.util.net.NioEndpoint$SocketProcessor.doRun(NioEndpoint.java:1623)
		at org.apache.tomcat.util.net.SocketProcessorBase.run(SocketProcessorBase.java:49)
		at java.util.concurrent.ThreadPoolExecutor.runWorker(Unknown Source)
		at java.util.concurrent.ThreadPoolExecutor$Worker.run(Unknown Source)
		at org.apache.tomcat.util.threads.TaskThread$WrappingRunnable.run(TaskThread.java:61)
		at java.lang.Thread.run(Unknown Source)
13-May-2020 12:40:11.245 심각 [http-nio-8090-exec-9] org.apache.catalina.core.StandardWrapperValve.invoke 경로 []의 컨텍스트 내의 서블릿 [jsp]을(를) 위한 Servlet.service() 호출이, 근본 원인(root cause)과 함께, 예외 [JSP를 위한 클래스를 컴파일할 수 없습니다.: 

JSP 파일 [/test.jsp]의 [3] 행에서 오류가 발생했습니다.
Syntax error, insert ";" to complete ClassBodyDeclarations
1: <%!
2: 
3: 	Class MyClass
4: 	{
5: 		int MySum(int x,int y)
6: 		{


JSP 파일 [/test.jsp]의 [4] 행에서 오류가 발생했습니다.
Syntax error, insert "}" to complete Block
1: <%!
2: 
3: 	Class MyClass
4: 	{
5: 		int MySum(int x,int y)
6: 		{
7: 				return x + y;


코드 생성된 자바 파일 [D:\tomcat\work\Catalina\localhost\ROOT\org\apache\jsp\test_jsp.java]의 [29] 행에서 오류가 발생했습니다.
Syntax error on token "final", @ expected after this token

코드 생성된 자바 파일 [D:\tomcat\work\Catalina\localhost\ROOT\org\apache\jsp\test_jsp.java]의 [29] 행에서 오류가 발생했습니다.
Syntax error on token "JspFactory", ( expected after this token

코드 생성된 자바 파일 [D:\tomcat\work\Catalina\localhost\ROOT\org\apache\jsp\test_jsp.java]의 [30] 행에서 오류가 발생했습니다.
Syntax error, insert ")" to complete NormalAnnotation

코드 생성된 자바 파일 [D:\tomcat\work\Catalina\localhost\ROOT\org\apache\jsp\test_jsp.java]의 [30] 행에서 오류가 발생했습니다.
Syntax error, insert "enum Identifier" to complete EnumHeaderName

코드 생성된 자바 파일 [D:\tomcat\work\Catalina\localhost\ROOT\org\apache\jsp\test_jsp.java]의 [30] 행에서 오류가 발생했습니다.
Syntax error, insert "EnumBody" to complete EnumDeclaration

코드 생성된 자바 파일 [D:\tomcat\work\Catalina\localhost\ROOT\org\apache\jsp\test_jsp.java]의 [32] 행에서 오류가 발생했습니다.
Syntax error on token "static", @ expected after this token

코드 생성된 자바 파일 [D:\tomcat\work\Catalina\localhost\ROOT\org\apache\jsp\test_jsp.java]의 [32] 행에서 오류가 발생했습니다.
Syntax error on token "<", . expected

코드 생성된 자바 파일 [D:\tomcat\work\Catalina\localhost\ROOT\org\apache\jsp\test_jsp.java]의 [32] 행에서 오류가 발생했습니다.
Syntax error on token ",", ( expected

코드 생성된 자바 파일 [D:\tomcat\work\Catalina\localhost\ROOT\org\apache\jsp\test_jsp.java]의 [32] 행에서 오류가 발생했습니다.
Syntax error, insert ")" to complete SingleMemberAnnotation

코드 생성된 자바 파일 [D:\tomcat\work\Catalina\localhost\ROOT\org\apache\jsp\test_jsp.java]의 [32] 행에서 오류가 발생했습니다.
Syntax error, insert "enum Identifier" to complete EnumHeaderName

코드 생성된 자바 파일 [D:\tomcat\work\Catalina\localhost\ROOT\org\apache\jsp\test_jsp.java]의 [32] 행에서 오류가 발생했습니다.
Syntax error, insert "EnumBody" to complete EnumDeclaration

코드 생성된 자바 파일 [D:\tomcat\work\Catalina\localhost\ROOT\org\apache\jsp\test_jsp.java]의 [34] 행에서 오류가 발생했습니다.
Syntax error on token "final", @ expected after this token

코드 생성된 자바 파일 [D:\tomcat\work\Catalina\localhost\ROOT\org\apache\jsp\test_jsp.java]의 [34] 행에서 오류가 발생했습니다.
Syntax error on token "<", ( expected

코드 생성된 자바 파일 [D:\tomcat\work\Catalina\localhost\ROOT\org\apache\jsp\test_jsp.java]의 [34] 행에서 오류가 발생했습니다.
Syntax error, insert ")" to complete SingleMemberAnnotation

코드 생성된 자바 파일 [D:\tomcat\work\Catalina\localhost\ROOT\org\apache\jsp\test_jsp.java]의 [34] 행에서 오류가 발생했습니다.
Syntax error, insert "enum Identifier" to complete EnumHeaderName

코드 생성된 자바 파일 [D:\tomcat\work\Catalina\localhost\ROOT\org\apache\jsp\test_jsp.java]의 [34] 행에서 오류가 발생했습니다.
Syntax error, insert "EnumBody" to complete EnumDeclaration

코드 생성된 자바 파일 [D:\tomcat\work\Catalina\localhost\ROOT\org\apache\jsp\test_jsp.java]의 [36] 행에서 오류가 발생했습니다.
Syntax error on token "final", @ expected after this token

코드 생성된 자바 파일 [D:\tomcat\work\Catalina\localhost\ROOT\org\apache\jsp\test_jsp.java]의 [36] 행에서 오류가 발생했습니다.
Syntax error on token "<", ( expected

코드 생성된 자바 파일 [D:\tomcat\work\Catalina\localhost\ROOT\org\apache\jsp\test_jsp.java]의 [36] 행에서 오류가 발생했습니다.
Syntax error, insert ")" to complete SingleMemberAnnotation

코드 생성된 자바 파일 [D:\tomcat\work\Catalina\localhost\ROOT\org\apache\jsp\test_jsp.java]의 [36] 행에서 오류가 발생했습니다.
Syntax error, insert "enum Identifier" to complete EnumHeaderName

코드 생성된 자바 파일 [D:\tomcat\work\Catalina\localhost\ROOT\org\apache\jsp\test_jsp.java]의 [36] 행에서 오류가 발생했습니다.
Syntax error, insert "EnumBody" to complete EnumDeclaration

코드 생성된 자바 파일 [D:\tomcat\work\Catalina\localhost\ROOT\org\apache\jsp\test_jsp.java]의 [38] 행에서 오류가 발생했습니다.
Syntax error, insert "enum Identifier" to complete EnumHeader

코드 생성된 자바 파일 [D:\tomcat\work\Catalina\localhost\ROOT\org\apache\jsp\test_jsp.java]의 [46] 행에서 오류가 발생했습니다.
Syntax error on token "volatile", @ expected after this token

코드 생성된 자바 파일 [D:\tomcat\work\Catalina\localhost\ROOT\org\apache\jsp\test_jsp.java]의 [46] 행에서 오류가 발생했습니다.
Syntax error, insert "enum Identifier" to complete EnumHeaderName

코드 생성된 자바 파일 [D:\tomcat\work\Catalina\localhost\ROOT\org\apache\jsp\test_jsp.java]의 [46] 행에서 오류가 발생했습니다.
Syntax error, insert "EnumBody" to complete EnumDeclaration

코드 생성된 자바 파일 [D:\tomcat\work\Catalina\localhost\ROOT\org\apache\jsp\test_jsp.java]의 [47] 행에서 오류가 발생했습니다.
Syntax error on token "volatile", @ expected after this token

코드 생성된 자바 파일 [D:\tomcat\work\Catalina\localhost\ROOT\org\apache\jsp\test_jsp.java]의 [47] 행에서 오류가 발생했습니다.
Syntax error on tokens, delete these tokens

코드 생성된 자바 파일 [D:\tomcat\work\Catalina\localhost\ROOT\org\apache\jsp\test_jsp.java]의 [49] 행에서 오류가 발생했습니다.
Syntax error on token "<", . expected

코드 생성된 자바 파일 [D:\tomcat\work\Catalina\localhost\ROOT\org\apache\jsp\test_jsp.java]의 [49] 행에서 오류가 발생했습니다.
Syntax error on token ",", ( expected

코드 생성된 자바 파일 [D:\tomcat\work\Catalina\localhost\ROOT\org\apache\jsp\test_jsp.java]의 [49] 행에서 오류가 발생했습니다.
Syntax error, insert ")" to complete SingleMemberAnnotation

코드 생성된 자바 파일 [D:\tomcat\work\Catalina\localhost\ROOT\org\apache\jsp\test_jsp.java]의 [49] 행에서 오류가 발생했습니다.
Syntax error, insert "enum Identifier" to complete EnumHeader

코드 생성된 자바 파일 [D:\tomcat\work\Catalina\localhost\ROOT\org\apache\jsp\test_jsp.java]의 [51] 행에서 오류가 발생했습니다.
Syntax error on token "}", ; expected

JSP 파일 [/test.jsp]의 [12] 행에서 오류가 발생했습니다.
MyClass cannot be resolved to a type
9: 	};
10: %>
11: <%
12: MyClass x = new MyClass();
13: 
14: out.print(x.MySum(10,20));
15: %>


JSP 파일 [/test.jsp]의 [12] 행에서 오류가 발생했습니다.
MyClass cannot be resolved to a type
9: 	};
10: %>
11: <%
12: MyClass x = new MyClass();
13: 
14: out.print(x.MySum(10,20));
15: %>


Stacktrace:]을(를) 발생시켰습니다.
	org.apache.jasper.JasperException: JSP를 위한 클래스를 컴파일할 수 없습니다.: 

JSP 파일 [/test.jsp]의 [3] 행에서 오류가 발생했습니다.
Syntax error, insert ";" to complete ClassBodyDeclarations
1: <%!
2: 
3: 	Class MyClass
4: 	{
5: 		int MySum(int x,int y)
6: 		{


JSP 파일 [/test.jsp]의 [4] 행에서 오류가 발생했습니다.
Syntax error, insert "}" to complete Block
1: <%!
2: 
3: 	Class MyClass
4: 	{
5: 		int MySum(int x,int y)
6: 		{
7: 				return x + y;


코드 생성된 자바 파일 [D:\tomcat\work\Catalina\localhost\ROOT\org\apache\jsp\test_jsp.java]의 [29] 행에서 오류가 발생했습니다.
Syntax error on token "final", @ expected after this token

코드 생성된 자바 파일 [D:\tomcat\work\Catalina\localhost\ROOT\org\apache\jsp\test_jsp.java]의 [29] 행에서 오류가 발생했습니다.
Syntax error on token "JspFactory", ( expected after this token

코드 생성된 자바 파일 [D:\tomcat\work\Catalina\localhost\ROOT\org\apache\jsp\test_jsp.java]의 [30] 행에서 오류가 발생했습니다.
Syntax error, insert ")" to complete NormalAnnotation

코드 생성된 자바 파일 [D:\tomcat\work\Catalina\localhost\ROOT\org\apache\jsp\test_jsp.java]의 [30] 행에서 오류가 발생했습니다.
Syntax error, insert "enum Identifier" to complete EnumHeaderName

코드 생성된 자바 파일 [D:\tomcat\work\Catalina\localhost\ROOT\org\apache\jsp\test_jsp.java]의 [30] 행에서 오류가 발생했습니다.
Syntax error, insert "EnumBody" to complete EnumDeclaration

코드 생성된 자바 파일 [D:\tomcat\work\Catalina\localhost\ROOT\org\apache\jsp\test_jsp.java]의 [32] 행에서 오류가 발생했습니다.
Syntax error on token "static", @ expected after this token

코드 생성된 자바 파일 [D:\tomcat\work\Catalina\localhost\ROOT\org\apache\jsp\test_jsp.java]의 [32] 행에서 오류가 발생했습니다.
Syntax error on token "<", . expected

코드 생성된 자바 파일 [D:\tomcat\work\Catalina\localhost\ROOT\org\apache\jsp\test_jsp.java]의 [32] 행에서 오류가 발생했습니다.
Syntax error on token ",", ( expected

코드 생성된 자바 파일 [D:\tomcat\work\Catalina\localhost\ROOT\org\apache\jsp\test_jsp.java]의 [32] 행에서 오류가 발생했습니다.
Syntax error, insert ")" to complete SingleMemberAnnotation

코드 생성된 자바 파일 [D:\tomcat\work\Catalina\localhost\ROOT\org\apache\jsp\test_jsp.java]의 [32] 행에서 오류가 발생했습니다.
Syntax error, insert "enum Identifier" to complete EnumHeaderName

코드 생성된 자바 파일 [D:\tomcat\work\Catalina\localhost\ROOT\org\apache\jsp\test_jsp.java]의 [32] 행에서 오류가 발생했습니다.
Syntax error, insert "EnumBody" to complete EnumDeclaration

코드 생성된 자바 파일 [D:\tomcat\work\Catalina\localhost\ROOT\org\apache\jsp\test_jsp.java]의 [34] 행에서 오류가 발생했습니다.
Syntax error on token "final", @ expected after this token

코드 생성된 자바 파일 [D:\tomcat\work\Catalina\localhost\ROOT\org\apache\jsp\test_jsp.java]의 [34] 행에서 오류가 발생했습니다.
Syntax error on token "<", ( expected

코드 생성된 자바 파일 [D:\tomcat\work\Catalina\localhost\ROOT\org\apache\jsp\test_jsp.java]의 [34] 행에서 오류가 발생했습니다.
Syntax error, insert ")" to complete SingleMemberAnnotation

코드 생성된 자바 파일 [D:\tomcat\work\Catalina\localhost\ROOT\org\apache\jsp\test_jsp.java]의 [34] 행에서 오류가 발생했습니다.
Syntax error, insert "enum Identifier" to complete EnumHeaderName

코드 생성된 자바 파일 [D:\tomcat\work\Catalina\localhost\ROOT\org\apache\jsp\test_jsp.java]의 [34] 행에서 오류가 발생했습니다.
Syntax error, insert "EnumBody" to complete EnumDeclaration

코드 생성된 자바 파일 [D:\tomcat\work\Catalina\localhost\ROOT\org\apache\jsp\test_jsp.java]의 [36] 행에서 오류가 발생했습니다.
Syntax error on token "final", @ expected after this token

코드 생성된 자바 파일 [D:\tomcat\work\Catalina\localhost\ROOT\org\apache\jsp\test_jsp.java]의 [36] 행에서 오류가 발생했습니다.
Syntax error on token "<", ( expected

코드 생성된 자바 파일 [D:\tomcat\work\Catalina\localhost\ROOT\org\apache\jsp\test_jsp.java]의 [36] 행에서 오류가 발생했습니다.
Syntax error, insert ")" to complete SingleMemberAnnotation

코드 생성된 자바 파일 [D:\tomcat\work\Catalina\localhost\ROOT\org\apache\jsp\test_jsp.java]의 [36] 행에서 오류가 발생했습니다.
Syntax error, insert "enum Identifier" to complete EnumHeaderName

코드 생성된 자바 파일 [D:\tomcat\work\Catalina\localhost\ROOT\org\apache\jsp\test_jsp.java]의 [36] 행에서 오류가 발생했습니다.
Syntax error, insert "EnumBody" to complete EnumDeclaration

코드 생성된 자바 파일 [D:\tomcat\work\Catalina\localhost\ROOT\org\apache\jsp\test_jsp.java]의 [38] 행에서 오류가 발생했습니다.
Syntax error, insert "enum Identifier" to complete EnumHeader

코드 생성된 자바 파일 [D:\tomcat\work\Catalina\localhost\ROOT\org\apache\jsp\test_jsp.java]의 [46] 행에서 오류가 발생했습니다.
Syntax error on token "volatile", @ expected after this token

코드 생성된 자바 파일 [D:\tomcat\work\Catalina\localhost\ROOT\org\apache\jsp\test_jsp.java]의 [46] 행에서 오류가 발생했습니다.
Syntax error, insert "enum Identifier" to complete EnumHeaderName

코드 생성된 자바 파일 [D:\tomcat\work\Catalina\localhost\ROOT\org\apache\jsp\test_jsp.java]의 [46] 행에서 오류가 발생했습니다.
Syntax error, insert "EnumBody" to complete EnumDeclaration

코드 생성된 자바 파일 [D:\tomcat\work\Catalina\localhost\ROOT\org\apache\jsp\test_jsp.java]의 [47] 행에서 오류가 발생했습니다.
Syntax error on token "volatile", @ expected after this token

코드 생성된 자바 파일 [D:\tomcat\work\Catalina\localhost\ROOT\org\apache\jsp\test_jsp.java]의 [47] 행에서 오류가 발생했습니다.
Syntax error on tokens, delete these tokens

코드 생성된 자바 파일 [D:\tomcat\work\Catalina\localhost\ROOT\org\apache\jsp\test_jsp.java]의 [49] 행에서 오류가 발생했습니다.
Syntax error on token "<", . expected

코드 생성된 자바 파일 [D:\tomcat\work\Catalina\localhost\ROOT\org\apache\jsp\test_jsp.java]의 [49] 행에서 오류가 발생했습니다.
Syntax error on token ",", ( expected

코드 생성된 자바 파일 [D:\tomcat\work\Catalina\localhost\ROOT\org\apache\jsp\test_jsp.java]의 [49] 행에서 오류가 발생했습니다.
Syntax error, insert ")" to complete SingleMemberAnnotation

코드 생성된 자바 파일 [D:\tomcat\work\Catalina\localhost\ROOT\org\apache\jsp\test_jsp.java]의 [49] 행에서 오류가 발생했습니다.
Syntax error, insert "enum Identifier" to complete EnumHeader

코드 생성된 자바 파일 [D:\tomcat\work\Catalina\localhost\ROOT\org\apache\jsp\test_jsp.java]의 [51] 행에서 오류가 발생했습니다.
Syntax error on token "}", ; expected

JSP 파일 [/test.jsp]의 [12] 행에서 오류가 발생했습니다.
MyClass cannot be resolved to a type
9: 	};
10: %>
11: <%
12: MyClass x = new MyClass();
13: 
14: out.print(x.MySum(10,20));
15: %>


JSP 파일 [/test.jsp]의 [12] 행에서 오류가 발생했습니다.
MyClass cannot be resolved to a type
9: 	};
10: %>
11: <%
12: MyClass x = new MyClass();
13: 
14: out.print(x.MySum(10,20));
15: %>


Stacktrace:
		at org.apache.jasper.compiler.DefaultErrorHandler.javacError(DefaultErrorHandler.java:102)
		at org.apache.jasper.compiler.ErrorDispatcher.javacError(ErrorDispatcher.java:212)
		at org.apache.jasper.compiler.JDTCompiler.generateClass(JDTCompiler.java:552)
		at org.apache.jasper.compiler.Compiler.compile(Compiler.java:381)
		at org.apache.jasper.compiler.Compiler.compile(Compiler.java:351)
		at org.apache.jasper.compiler.Compiler.compile(Compiler.java:335)
		at org.apache.jasper.JspCompilationContext.compile(JspCompilationContext.java:597)
		at org.apache.jasper.servlet.JspServletWrapper.service(JspServletWrapper.java:399)
		at org.apache.jasper.servlet.JspServlet.serviceJspFile(JspServlet.java:386)
		at org.apache.jasper.servlet.JspServlet.service(JspServlet.java:330)
		at javax.servlet.http.HttpServlet.service(HttpServlet.java:741)
		at org.apache.catalina.core.ApplicationFilterChain.internalDoFilter(ApplicationFilterChain.java:231)
		at org.apache.catalina.core.ApplicationFilterChain.doFilter(ApplicationFilterChain.java:166)
		at org.apache.tomcat.websocket.server.WsFilter.doFilter(WsFilter.java:52)
		at org.apache.catalina.core.ApplicationFilterChain.internalDoFilter(ApplicationFilterChain.java:193)
		at org.apache.catalina.core.ApplicationFilterChain.doFilter(ApplicationFilterChain.java:166)
		at org.apache.catalina.core.StandardWrapperValve.invoke(StandardWrapperValve.java:199)
		at org.apache.catalina.core.StandardContextValve.invoke(StandardContextValve.java:96)
		at org.apache.catalina.authenticator.AuthenticatorBase.invoke(AuthenticatorBase.java:543)
		at org.apache.catalina.core.StandardHostValve.invoke(StandardHostValve.java:139)
		at org.apache.catalina.valves.ErrorReportValve.invoke(ErrorReportValve.java:81)
		at org.apache.catalina.valves.AbstractAccessLogValve.invoke(AbstractAccessLogValve.java:688)
		at org.apache.catalina.core.StandardEngineValve.invoke(StandardEngineValve.java:87)
		at org.apache.catalina.connector.CoyoteAdapter.service(CoyoteAdapter.java:343)
		at org.apache.coyote.http11.Http11Processor.service(Http11Processor.java:609)
		at org.apache.coyote.AbstractProcessorLight.process(AbstractProcessorLight.java:65)
		at org.apache.coyote.AbstractProtocol$ConnectionHandler.process(AbstractProtocol.java:818)
		at org.apache.tomcat.util.net.NioEndpoint$SocketProcessor.doRun(NioEndpoint.java:1623)
		at org.apache.tomcat.util.net.SocketProcessorBase.run(SocketProcessorBase.java:49)
		at java.util.concurrent.ThreadPoolExecutor.runWorker(Unknown Source)
		at java.util.concurrent.ThreadPoolExecutor$Worker.run(Unknown Source)
		at org.apache.tomcat.util.threads.TaskThread$WrappingRunnable.run(TaskThread.java:61)
		at java.lang.Thread.run(Unknown Source)
